<?xml version="1.0" encoding="UTF-8"?>
<!-- Generated by org.testng.reporters.JUnitReportReporter -->
<testsuite skipped="0" hostname="gajju-PC" name="basicAnnotations.Testing1$Testing2" tests="1" failures="0" timestamp="03 Mar 2019 06:40:06 GMT" time="0.022" errors="0">
  <testcase name="test2" time="0.022" classname="basicAnnotations.Testing1$Testing2"/>
</testsuite> <!-- basicAnnotations.Testing1$Testing2 -->
