<?xml version="1.0" encoding="UTF-8"?>
<!-- Generated by org.testng.reporters.JUnitReportReporter -->
<testsuite skipped="0" hostname="gajju-PC" name="basicAnnotations.Testing1" tests="2" failures="0" timestamp="03 Mar 2019 07:01:50 GMT" time="0.009" errors="0">
  <testcase name="test1" time="0.007" classname="basicAnnotations.Testing1"/>
  <testcase name="test2" time="0.002" classname="basicAnnotations.Testing1"/>
</testsuite> <!-- basicAnnotations.Testing1 -->
